#
# There is insufficient memory for the Java Runtime Environment to continue.
# Native memory allocation (malloc) failed to allocate 293616 bytes for Chunk::new
# Possible reasons:
#   The system is out of physical RAM or swap space
#   The process is running with CompressedOops enabled, and the Java Heap may be blocking the growth of the native heap
# Possible solutions:
#   Reduce memory load on the system
#   Increase physical memory or swap space
#   Check if swap backing store is full
#   Decrease Java heap size (-Xmx/-Xms)
#   Decrease number of Java threads
#   Decrease Java thread stack sizes (-Xss)
#   Set larger code cache with -XX:ReservedCodeCacheSize=
#   JVM is running with Unscaled Compressed Oops mode in which the Java heap is
#     placed in the first 4GB address space. The Java Heap base address is the
#     maximum limit for the native heap growth. Please use -XX:HeapBaseMinAddress
#     to set the Java Heap base and to place the Java Heap above 4GB virtual address.
# This output file may be truncated or incomplete.
#
#  Out of Memory Error (allocation.cpp:389), pid=160, tid=0x0000000000002eb4
#
# JRE version: Java(TM) SE Runtime Environment (8.0_202-b08) (build 1.8.0_202-b08)
# Java VM: Java HotSpot(TM) 64-Bit Server VM (25.202-b08 mixed mode windows-amd64 compressed oops)
# Failed to write core dump. Minidumps are not enabled by default on client versions of Windows
#

---------------  T H R E A D  ---------------

Current thread (0x0000000015b88800):  JavaThread "C2 CompilerThread0" daemon [_thread_in_native, id=11956, stack(0x0000000016bd0000,0x0000000016cd0000)]

Stack: [0x0000000016bd0000,0x0000000016cd0000]
[error occurred during error reporting (printing stack bounds), id 0xc0000005]

Native frames: (J=compiled Java code, j=interpreted, Vv=VM code, C=native code)


Current CompileTask:
C2:3463585 28722  s!   4       org.gradle.internal.service.DefaultServiceRegistry$ManagedObjectServiceProvider::stop (54 bytes)


---------------  P R O C E S S  ---------------

Java Threads: ( => current thread )
  0x0000000021d95800 JavaThread "Asynchronous log dispatcher for DefaultDaemonConnection: socket connection from /127.0.0.1:1552 to /127.0.0.1:11311" [_thread_blocked, id=4704, stack(0x0000000023f90000,0x0000000024090000)]
  0x0000000021d98800 JavaThread "Daemon worker Thread 5" [_thread_in_native, id=12312, stack(0x0000000023c90000,0x0000000023d90000)]
  0x0000000021d9c000 JavaThread "Cancel handler" [_thread_blocked, id=4700, stack(0x0000000023b90000,0x0000000023c90000)]
  0x0000000021d9b800 JavaThread "Handler for socket connection from /127.0.0.1:1552 to /127.0.0.1:11311" [_thread_in_native, id=14132, stack(0x0000000023a90000,0x0000000023b90000)]
  0x0000000021d97800 JavaThread "Daemon Thread 5" [_thread_blocked, id=776, stack(0x0000000023990000,0x0000000023a90000)]
  0x000000001895e800 JavaThread "Memory manager" [_thread_blocked, id=9580, stack(0x000000001eb50000,0x000000001ec50000)]
  0x000000001895f800 JavaThread "File lock request listener" [_thread_in_native, id=11704, stack(0x000000001b010000,0x000000001b110000)]
  0x000000001895d000 JavaThread "Cache worker for file hash cache (C:\Users\Rene\.gradle\caches\4.6\fileHashes)" [_thread_blocked, id=10804, stack(0x000000001af10000,0x000000001b010000)]
  0x0000000017392800 JavaThread "Daemon periodic checks" [_thread_blocked, id=14152, stack(0x0000000019440000,0x0000000019540000)]
  0x0000000017e91800 JavaThread "Incoming local TCP Connector on port 1552" [_thread_in_native, id=5080, stack(0x0000000019340000,0x0000000019440000)]
  0x00000000173ac800 JavaThread "Daemon health stats" [_thread_blocked, id=11040, stack(0x0000000018d00000,0x0000000018e00000)]
  0x0000000015c06000 JavaThread "Service Thread" daemon [_thread_blocked, id=3588, stack(0x0000000016dd0000,0x0000000016ed0000)]
  0x0000000015bac800 JavaThread "C1 CompilerThread1" daemon [_thread_in_vm, id=2648, stack(0x0000000016cd0000,0x0000000016dd0000)]
=>0x0000000015b88800 JavaThread "C2 CompilerThread0" daemon [_thread_in_native, id=11956, stack(0x0000000016bd0000,0x0000000016cd0000)]
  0x0000000015b87800 JavaThread "Attach Listener" daemon [_thread_blocked, id=10036, stack(0x0000000016ad0000,0x0000000016bd0000)]
  0x000000000245e000 JavaThread "Signal Dispatcher" daemon [_thread_blocked, id=6940, stack(0x00000000169d0000,0x0000000016ad0000)]
  0x0000000002451000 JavaThread "Finalizer" daemon [_thread_blocked, id=13760, stack(0x00000000167c0000,0x00000000168c0000)]
  0x0000000015b78000 JavaThread "Reference Handler" daemon [_thread_blocked, id=14020, stack(0x00000000166c0000,0x00000000167c0000)]
  0x000000000235e000 JavaThread "main" [_thread_blocked, id=13492, stack(0x0000000002190000,0x0000000002290000)]

Other Threads:
  0x0000000015b57000 VMThread [stack: 0x00000000165c0000,0x00000000166c0000] [id=4688]
  0x0000000015c0b000 WatcherThread [stack: 0x0000000017030000,0x0000000017130000] [id=13768]

VM state:not at safepoint (normal execution)

VM Mutex/Monitor currently owned by a thread:  ([mutex/lock_event])
[0x0000000002361cd0] CompiledIC_lock - owner thread: 0x0000000015bac800

OutOfMemory and StackOverflow Exception counts:
OutOfMemoryError java_heap_errors=3

heap address: 0x00000000a0000000, size: 1536 MB, Compressed Oops mode: 32-bit
Narrow klass base: 0x0000000000000000, Narrow klass shift: 3
Compressed class space size: 1073741824 Address: 0x0000000100000000

Heap:
 PSYoungGen      total 349696K, used 277652K [0x00000000e0000000, 0x0000000100000000, 0x0000000100000000)
  eden space 175104K, 58% used [0x00000000e0000000,0x00000000e64a9180,0x00000000eab00000)
  from space 174592K, 99% used [0x00000000f5580000,0x00000000ffffc020,0x0000000100000000)
  to   space 174592K, 0% used [0x00000000eab00000,0x00000000eab00000,0x00000000f5580000)
 ParOldGen       total 758784K, used 663931K [0x00000000a0000000, 0x00000000ce500000, 0x00000000e0000000)
  object space 758784K, 87% used [0x00000000a0000000,0x00000000c885eec8,0x00000000ce500000)
 Metaspace       used 101418K, capacity 106544K, committed 106880K, reserved 1142784K
  class space    used 12693K, capacity 13847K, committed 13952K, reserved 1048576K

Card table byte_map: [0x0000000011820000,0x0000000011b30000] byte_map_base: 0x0000000011320000

Marking Bits: (ParMarkBitMap*) 0x0000000074495ce0
 Begin Bits: [0x0000000011f30000, 0x0000000013730000)
 End Bits:   [0x0000000013730000, 0x0000000014f30000)

Polling page: 0x0000000000920000

CodeCache: size=245760Kb used=78466Kb max_used=79552Kb free=167293Kb
 bounds [0x0000000002460000, 0x0000000007290000, 0x0000000011460000]
 total_blobs=21713 nmethods=20862 adapters=759
 compilation: enabled

Compilation events (10 events):
Event: 3457.517 Thread 0x0000000015b88800 nmethod 28717 0x00000000071a0350 code [0x00000000071a06a0, 0x00000000071a1c88]
Event: 3460.921 Thread 0x0000000015bac800 28718       1       java.lang.Throwable::getMessage (5 bytes)
Event: 3460.922 Thread 0x0000000015bac800 nmethod 28718 0x0000000005d119d0 code [0x0000000005d11b20, 0x0000000005d11c30]
Event: 3461.491 Thread 0x0000000015bac800 28719       3       java.io.StringWriter::append (25 bytes)
Event: 3461.606 Thread 0x0000000015bac800 nmethod 28719 0x000000000699b150 code [0x000000000699b300, 0x000000000699bbe8]
Event: 3461.900 Thread 0x0000000015bac800 28720       3       org.gradle.api.internal.changedetection.state.InputPropertiesSerializer::writeEntry (888 bytes)
Event: 3461.980 Thread 0x0000000015bac800 nmethod 28720 0x00000000068c9190 code [0x00000000068c9b60, 0x00000000068d1978]
Event: 3462.101 Thread 0x0000000015b88800 28721       4       java.util.AbstractQueue::clear (11 bytes)
Event: 3462.242 Thread 0x0000000015b88800 nmethod 28721 0x0000000006a25310 code [0x0000000006a25480, 0x0000000006a25838]
Event: 3462.308 Thread 0x0000000015b88800 28722  s!   4       org.gradle.internal.service.DefaultServiceRegistry$ManagedObjectServiceProvider::stop (54 bytes)

GC Heap History (10 events):
Event: 3419.585 GC heap before
{Heap before GC invocations=121 (full 13):
 PSYoungGen      total 359936K, used 284388K [0x00000000e0000000, 0x00000000ff300000, 0x0000000100000000)
  eden space 216064K, 100% used [0x00000000e0000000,0x00000000ed300000,0x00000000ed300000)
  from space 143872K, 47% used [0x00000000ed300000,0x00000000f15b9260,0x00000000f5f80000)
  to   space 141312K, 0% used [0x00000000f6900000,0x00000000f6900000,0x00000000ff300000)
 ParOldGen       total 758784K, used 612442K [0x00000000a0000000, 0x00000000ce500000, 0x00000000e0000000)
  object space 758784K, 80% used [0x00000000a0000000,0x00000000c5616ba8,0x00000000ce500000)
 Metaspace       used 101403K, capacity 106544K, committed 106880K, reserved 1142784K
  class space    used 12693K, capacity 13847K, committed 13952K, reserved 1048576K
Event: 3420.441 GC heap after
Heap after GC invocations=121 (full 13):
 PSYoungGen      total 366592K, used 84769K [0x00000000e0000000, 0x00000000ffb00000, 0x0000000100000000)
  eden space 225280K, 0% used [0x00000000e0000000,0x00000000e0000000,0x00000000edc00000)
  from space 141312K, 59% used [0x00000000f6900000,0x00000000fbbc8768,0x00000000ff300000)
  to   space 144384K, 0% used [0x00000000edc00000,0x00000000edc00000,0x00000000f6900000)
 ParOldGen       total 758784K, used 612442K [0x00000000a0000000, 0x00000000ce500000, 0x00000000e0000000)
  object space 758784K, 80% used [0x00000000a0000000,0x00000000c5616ba8,0x00000000ce500000)
 Metaspace       used 101403K, capacity 106544K, committed 106880K, reserved 1142784K
  class space    used 12693K, capacity 13847K, committed 13952K, reserved 1048576K
}
Event: 3426.857 GC heap before
{Heap before GC invocations=122 (full 13):
 PSYoungGen      total 366592K, used 310049K [0x00000000e0000000, 0x00000000ffb00000, 0x0000000100000000)
  eden space 225280K, 100% used [0x00000000e0000000,0x00000000edc00000,0x00000000edc00000)
  from space 141312K, 59% used [0x00000000f6900000,0x00000000fbbc8768,0x00000000ff300000)
  to   space 144384K, 0% used [0x00000000edc00000,0x00000000edc00000,0x00000000f6900000)
 ParOldGen       total 758784K, used 612442K [0x00000000a0000000, 0x00000000ce500000, 0x00000000e0000000)
  object space 758784K, 80% used [0x00000000a0000000,0x00000000c5616ba8,0x00000000ce500000)
 Metaspace       used 101403K, capacity 106544K, committed 106880K, reserved 1142784K
  class space    used 12693K, capacity 13847K, committed 13952K, reserved 1048576K
Event: 3428.845 GC heap after
Heap after GC invocations=122 (full 13):
 PSYoungGen      total 344064K, used 118669K [0x00000000e0000000, 0x0000000100000000, 0x0000000100000000)
  eden space 225280K, 0% used [0x00000000e0000000,0x00000000e0000000,0x00000000edc00000)
  from space 118784K, 99% used [0x00000000edc00000,0x00000000f4fe3618,0x00000000f5000000)
  to   space 159232K, 0% used [0x00000000f6480000,0x00000000f6480000,0x0000000100000000)
 ParOldGen       total 758784K, used 612450K [0x00000000a0000000, 0x00000000ce500000, 0x00000000e0000000)
  object space 758784K, 80% used [0x00000000a0000000,0x00000000c5618ba8,0x00000000ce500000)
 Metaspace       used 101403K, capacity 106544K, committed 106880K, reserved 1142784K
  class space    used 12693K, capacity 13847K, committed 13952K, reserved 1048576K
}
Event: 3434.233 GC heap before
{Heap before GC invocations=123 (full 13):
 PSYoungGen      total 344064K, used 343949K [0x00000000e0000000, 0x0000000100000000, 0x0000000100000000)
  eden space 225280K, 100% used [0x00000000e0000000,0x00000000edc00000,0x00000000edc00000)
  from space 118784K, 99% used [0x00000000edc00000,0x00000000f4fe3618,0x00000000f5000000)
  to   space 159232K, 0% used [0x00000000f6480000,0x00000000f6480000,0x0000000100000000)
 ParOldGen       total 758784K, used 612450K [0x00000000a0000000, 0x00000000ce500000, 0x00000000e0000000)
  object space 758784K, 80% used [0x00000000a0000000,0x00000000c5618ba8,0x00000000ce500000)
 Metaspace       used 101407K, capacity 106544K, committed 106880K, reserved 1142784K
  class space    used 12693K, capacity 13847K, committed 13952K, reserved 1048576K
Event: 3436.467 GC heap after
Heap after GC invocations=123 (full 13):
 PSYoungGen      total 334336K, used 158575K [0x00000000e0000000, 0x0000000100000000, 0x0000000100000000)
  eden space 175104K, 0% used [0x00000000e0000000,0x00000000e0000000,0x00000000eab00000)
  from space 159232K, 99% used [0x00000000f6480000,0x00000000fff5bfb0,0x0000000100000000)
  to   space 174592K, 0% used [0x00000000eab00000,0x00000000eab00000,0x00000000f5580000)
 ParOldGen       total 758784K, used 612450K [0x00000000a0000000, 0x00000000ce500000, 0x00000000e0000000)
  object space 758784K, 80% used [0x00000000a0000000,0x00000000c5618ba8,0x00000000ce500000)
 Metaspace       used 101407K, capacity 106544K, committed 106880K, reserved 1142784K
  class space    used 12693K, capacity 13847K, committed 13952K, reserved 1048576K
}
Event: 3441.141 GC heap before
{Heap before GC invocations=124 (full 13):
 PSYoungGen      total 334336K, used 333679K [0x00000000e0000000, 0x0000000100000000, 0x0000000100000000)
  eden space 175104K, 100% used [0x00000000e0000000,0x00000000eab00000,0x00000000eab00000)
  from space 159232K, 99% used [0x00000000f6480000,0x00000000fff5bfb0,0x0000000100000000)
  to   space 174592K, 0% used [0x00000000eab00000,0x00000000eab00000,0x00000000f5580000)
 ParOldGen       total 758784K, used 612450K [0x00000000a0000000, 0x00000000ce500000, 0x00000000e0000000)
  object space 758784K, 80% used [0x00000000a0000000,0x00000000c5618ba8,0x00000000ce500000)
 Metaspace       used 101407K, capacity 106544K, committed 106880K, reserved 1142784K
  class space    used 12693K, capacity 13847K, committed 13952K, reserved 1048576K
Event: 3443.091 GC heap after
Heap after GC invocations=124 (full 13):
 PSYoungGen      total 349696K, used 174576K [0x00000000e0000000, 0x0000000100000000, 0x0000000100000000)
  eden space 175104K, 0% used [0x00000000e0000000,0x00000000e0000000,0x00000000eab00000)
  from space 174592K, 99% used [0x00000000eab00000,0x00000000f557c050,0x00000000f5580000)
  to   space 174592K, 0% used [0x00000000f5580000,0x00000000f5580000,0x0000000100000000)
 ParOldGen       total 758784K, used 628738K [0x00000000a0000000, 0x00000000ce500000, 0x00000000e0000000)
  object space 758784K, 82% used [0x00000000a0000000,0x00000000c6600af0,0x00000000ce500000)
 Metaspace       used 101407K, capacity 106544K, committed 106880K, reserved 1142784K
  class space    used 12693K, capacity 13847K, committed 13952K, reserved 1048576K
}
Event: 3451.120 GC heap before
{Heap before GC invocations=125 (full 13):
 PSYoungGen      total 349696K, used 349680K [0x00000000e0000000, 0x0000000100000000, 0x0000000100000000)
  eden space 175104K, 100% used [0x00000000e0000000,0x00000000eab00000,0x00000000eab00000)
  from space 174592K, 99% used [0x00000000eab00000,0x00000000f557c050,0x00000000f5580000)
  to   space 174592K, 0% used [0x00000000f5580000,0x00000000f5580000,0x0000000100000000)
 ParOldGen       total 758784K, used 628738K [0x00000000a0000000, 0x00000000ce500000, 0x00000000e0000000)
  object space 758784K, 82% used [0x00000000a0000000,0x00000000c6600af0,0x00000000ce500000)
 Metaspace       used 101407K, capacity 106544K, committed 106880K, reserved 1142784K
  class space    used 12693K, capacity 13847K, committed 13952K, reserved 1048576K
Event: 3455.035 GC heap after
Heap after GC invocations=125 (full 13):
 PSYoungGen      total 349696K, used 174576K [0x00000000e0000000, 0x0000000100000000, 0x0000000100000000)
  eden space 175104K, 0% used [0x00000000e0000000,0x00000000e0000000,0x00000000eab00000)
  from space 174592K, 99% used [0x00000000f5580000,0x00000000ffffc020,0x0000000100000000)
  to   space 174592K, 0% used [0x00000000eab00000,0x00000000eab00000,0x00000000f5580000)
 ParOldGen       total 758784K, used 663931K [0x00000000a0000000, 0x00000000ce500000, 0x00000000e0000000)
  object space 758784K, 87% used [0x00000000a0000000,0x00000000c885eec8,0x00000000ce500000)
 Metaspace       used 101407K, capacity 106544K, committed 106880K, reserved 1142784K
  class space    used 12693K, capacity 13847K, committed 13952K, reserved 1048576K
}

Deoptimization events (10 events):
Event: 3410.167 Thread 0x00000000189b2000 Uncommon trap: reason=bimorphic action=maybe_recompile pc=0x000000000725c000 method=com.android.jack.ir.ast.JFieldInitializer.traverse(Lcom/android/jack/ir/ast/JVisitor;)V @ 2
Event: 3410.167 Thread 0x00000000189b2000 Uncommon trap: reason=bimorphic action=maybe_recompile pc=0x000000000725c000 method=com.android.jack.ir.ast.JFieldInitializer.traverse(Lcom/android/jack/ir/ast/JVisitor;)V @ 2
Event: 3410.505 Thread 0x00000000189b1000 Uncommon trap: reason=unstable_if action=reinterpret pc=0x00000000058c10b0 method=java.util.concurrent.locks.AbstractQueuedSynchronizer.isOnSyncQueue(Ljava/util/concurrent/locks/AbstractQueuedSynchronizer$Node;)Z @ 13
Event: 3410.506 Thread 0x00000000189b2000 Uncommon trap: reason=unstable_if action=reinterpret pc=0x000000000463e414 method=java.util.concurrent.locks.LockSupport.unpark(Ljava/lang/Thread;)V @ 1
Event: 3410.657 Thread 0x00000000189b2000 Uncommon trap: reason=class_check action=maybe_recompile pc=0x00000000036a96f4 method=com.android.jack.transformations.annotation.ContainerAnnotationMarkerAdder.addContainerAnnotationIfNeeded(Lcom/android/jack/ir/ast/Annotable;)V @ 1
Event: 3410.657 Thread 0x00000000189b1000 Uncommon trap: reason=class_check action=maybe_recompile pc=0x00000000036a96f4 method=com.android.jack.transformations.annotation.ContainerAnnotationMarkerAdder.addContainerAnnotationIfNeeded(Lcom/android/jack/ir/ast/Annotable;)V @ 1
Event: 3410.657 Thread 0x00000000189b2000 Uncommon trap: reason=class_check action=maybe_recompile pc=0x00000000036a96f4 method=com.android.jack.transformations.annotation.ContainerAnnotationMarkerAdder.addContainerAnnotationIfNeeded(Lcom/android/jack/ir/ast/Annotable;)V @ 1
Event: 3410.657 Thread 0x00000000189b1000 Uncommon trap: reason=class_check action=maybe_recompile pc=0x00000000036a96f4 method=com.android.jack.transformations.annotation.ContainerAnnotationMarkerAdder.addContainerAnnotationIfNeeded(Lcom/android/jack/ir/ast/Annotable;)V @ 1
Event: 3446.187 Thread 0x00000000189b2000 Uncommon trap: reason=class_check action=maybe_recompile pc=0x0000000004422d34 method=com.android.jack.jayce.v0004.nodes.NAddOperation.importFromJast(Lcom/android/jack/jayce/v0004/io/ImportHelper;Ljava/lang/Object;)V @ 14
Event: 3461.942 Thread 0x0000000021d98800 Uncommon trap: reason=bimorphic action=maybe_recompile pc=0x000000000303e39c method=org.gradle.internal.logging.text.AbstractStyledTextOutput.text(Ljava/lang/Object;)Lorg/gradle/internal/logging/text/StyledTextOutput; @ 11

Classes redefined (0 events):
No events

Internal exceptions (10 events):
Event: 3387.983 Thread 0x0000000021d98800 Exception <a 'java/lang/ArrayIndexOutOfBoundsException'> (0x00000000e87b52b0) thrown at [C:\re\workspace\8-2-build-windows-amd64-cygwin\jdk8u202\12323\hotspot\src\share\vm\runtime\sharedRuntime.cpp, line 605]
Event: 3388.027 Thread 0x0000000021d98800 Exception <a 'java/lang/ArrayIndexOutOfBoundsException'> (0x00000000e87cea30) thrown at [C:\re\workspace\8-2-build-windows-amd64-cygwin\jdk8u202\12323\hotspot\src\share\vm\runtime\sharedRuntime.cpp, line 605]
Event: 3388.028 Thread 0x0000000021d98800 Exception <a 'java/lang/ArrayIndexOutOfBoundsException'> (0x00000000e87d1408) thrown at [C:\re\workspace\8-2-build-windows-amd64-cygwin\jdk8u202\12323\hotspot\src\share\vm\runtime\sharedRuntime.cpp, line 605]
Event: 3388.255 Thread 0x0000000021d98800 Exception <a 'java/lang/ArrayIndexOutOfBoundsException'> (0x00000000e8990730) thrown at [C:\re\workspace\8-2-build-windows-amd64-cygwin\jdk8u202\12323\hotspot\src\share\vm\runtime\sharedRuntime.cpp, line 605]
Event: 3395.018 Thread 0x00000000189b2800 Implicit null exception at 0x000000000711dc08 to 0x000000000711e379
Event: 3459.960 Thread 0x00000000189b2000 Exception <a 'java/lang/OutOfMemoryError'> (0x00000000e5727970) thrown at [C:\re\workspace\8-2-build-windows-amd64-cygwin\jdk8u202\12323\hotspot\src\share\vm\prims\jni.cpp, line 736]
Event: 3459.974 Thread 0x00000000189b1000 Exception <a 'java/lang/OutOfMemoryError'> (0x00000000e5afe380) thrown at [C:\re\workspace\8-2-build-windows-amd64-cygwin\jdk8u202\12323\hotspot\src\share\vm\prims\jni.cpp, line 736]
Event: 3460.595 Thread 0x0000000021d98800 Exception <a 'java/lang/OutOfMemoryError'> (0x00000000e5c5e4f0) thrown at [C:\re\workspace\8-2-build-windows-amd64-cygwin\jdk8u202\12323\hotspot\src\share\vm\prims\jni.cpp, line 736]
Event: 3461.220 Thread 0x0000000021d98800 Exception <a 'java/lang/reflect/InvocationTargetException'> (0x00000000e5c87090) thrown at [C:\re\workspace\8-2-build-windows-amd64-cygwin\jdk8u202\12323\hotspot\src\share\vm\runtime\reflection.cpp, line 1092]
Event: 3462.324 Thread 0x0000000021d98800 Exception <a 'sun/nio/fs/WindowsException'> (0x00000000e62d3580) thrown at [C:\re\workspace\8-2-build-windows-amd64-cygwin\jdk8u202\12323\hotspot\src\share\vm\prims\jni.cpp, line 710]

Events (10 events):
Event: 3462.162 Thread 0x0000000021da1800 Thread exited: 0x0000000021da1800
Event: 3462.164 Executing VM operation: RevokeBias
Event: 3462.198 Executing VM operation: RevokeBias done
Event: 3462.230 Executing VM operation: RevokeBias
Event: 3462.231 Executing VM operation: RevokeBias done
Event: 3462.232 Executing VM operation: RevokeBias
Event: 3462.232 Executing VM operation: RevokeBias done
Event: 3462.232 Thread 0x0000000021da2000 Thread exited: 0x0000000021da2000
Event: 3462.297 Thread 0x0000000015b88800 flushing nmethod 0x00000000031f1410
Event: 3462.298 Thread 0x0000000015b88800 flushing nmethod 0x00000000031f1790


Dynamic libraries:
0x00007ff7b6540000 - 0x00007ff7b6577000 	D:\Instalados\JAVA\1_8_0__202\bin\java.exe
0x00007ffcb4910000 - 0x00007ffcb4af1000 	C:\Windows\SYSTEM32\ntdll.dll
0x00007ffcb20a0000 - 0x00007ffcb2152000 	C:\Windows\System32\KERNEL32.DLL
0x00007ffcb1120000 - 0x00007ffcb1393000 	C:\Windows\System32\KERNELBASE.dll
0x00007ffcb4270000 - 0x00007ffcb4311000 	C:\Windows\System32\ADVAPI32.dll
0x00007ffcb3d30000 - 0x00007ffcb3dce000 	C:\Windows\System32\msvcrt.dll
0x00007ffcb1ed0000 - 0x00007ffcb1f2b000 	C:\Windows\System32\sechost.dll
0x00007ffcb3f80000 - 0x00007ffcb40a4000 	C:\Windows\System32\RPCRT4.dll
0x00007ffcb3dd0000 - 0x00007ffcb3f60000 	C:\Windows\System32\USER32.dll
0x00007ffcb0d60000 - 0x00007ffcb0d80000 	C:\Windows\System32\win32u.dll
0x00007ffcb2220000 - 0x00007ffcb2248000 	C:\Windows\System32\GDI32.dll
0x00007ffcb1ba0000 - 0x00007ffcb1d32000 	C:\Windows\System32\gdi32full.dll
0x00007ffcb1ab0000 - 0x00007ffcb1b4f000 	C:\Windows\System32\msvcp_win.dll
0x00007ffcb0f70000 - 0x00007ffcb106a000 	C:\Windows\System32\ucrtbase.dll
0x00007ffca4140000 - 0x00007ffca43a9000 	C:\Windows\WinSxS\amd64_microsoft.windows.common-controls_6595b64144ccf1df_6.0.17133.1_none_e4d992df105abfa4\COMCTL32.dll
0x00007ffcb4320000 - 0x00007ffcb4643000 	C:\Windows\System32\combase.dll
0x00007ffcb0ce0000 - 0x00007ffcb0d5a000 	C:\Windows\System32\bcryptPrimitives.dll
0x00007ffcb1e40000 - 0x00007ffcb1e6d000 	C:\Windows\System32\IMM32.DLL
0x0000000074520000 - 0x00000000745f2000 	D:\Instalados\JAVA\1_8_0__202\jre\bin\msvcr100.dll
0x0000000073c70000 - 0x0000000074515000 	D:\Instalados\JAVA\1_8_0__202\jre\bin\server\jvm.dll
0x00007ffcb2090000 - 0x00007ffcb2098000 	C:\Windows\System32\PSAPI.DLL
0x00007ffcaf880000 - 0x00007ffcaf889000 	C:\Windows\SYSTEM32\WSOCK32.dll
0x00007ffcb4870000 - 0x00007ffcb48dc000 	C:\Windows\System32\WS2_32.dll
0x00007ffcaecf0000 - 0x00007ffcaed13000 	C:\Windows\SYSTEM32\WINMM.dll
0x00007ffca7390000 - 0x00007ffca739a000 	C:\Windows\SYSTEM32\VERSION.dll
0x00007ffcaecc0000 - 0x00007ffcaecea000 	C:\Windows\SYSTEM32\WINMMBASE.dll
0x00007ffcb1b50000 - 0x00007ffcb1b99000 	C:\Windows\System32\cfgmgr32.dll
0x00007ffca93a0000 - 0x00007ffca93af000 	D:\Instalados\JAVA\1_8_0__202\jre\bin\verify.dll
0x00007ffca0ff0000 - 0x00007ffca1019000 	D:\Instalados\JAVA\1_8_0__202\jre\bin\java.dll
0x00007ffca23f0000 - 0x00007ffca2406000 	D:\Instalados\JAVA\1_8_0__202\jre\bin\zip.dll
0x00007ffcb2700000 - 0x00007ffcb3b40000 	C:\Windows\System32\SHELL32.dll
0x00007ffcb2160000 - 0x00007ffcb2209000 	C:\Windows\System32\shcore.dll
0x00007ffcb13a0000 - 0x00007ffcb1aad000 	C:\Windows\System32\windows.storage.dll
0x00007ffcb26a0000 - 0x00007ffcb26f1000 	C:\Windows\System32\shlwapi.dll
0x00007ffcb0c20000 - 0x00007ffcb0c31000 	C:\Windows\System32\kernel.appcore.dll
0x00007ffcb0cc0000 - 0x00007ffcb0cdf000 	C:\Windows\System32\profapi.dll
0x00007ffcb0c70000 - 0x00007ffcb0cbc000 	C:\Windows\System32\powrprof.dll
0x00007ffcb0c60000 - 0x00007ffcb0c6a000 	C:\Windows\System32\FLTLIB.DLL
0x00007ffca0fc0000 - 0x00007ffca0fda000 	D:\Instalados\JAVA\1_8_0__202\jre\bin\net.dll
0x00007ffca57d0000 - 0x00007ffca599c000 	C:\Windows\SYSTEM32\urlmon.dll
0x00007ffca5d30000 - 0x00007ffca5fd2000 	C:\Windows\SYSTEM32\iertutil.dll
0x00007ffcb05f0000 - 0x00007ffcb05fb000 	C:\Windows\SYSTEM32\CRYPTBASE.DLL
0x00007ffcb0440000 - 0x00007ffcb04a6000 	C:\Windows\system32\mswsock.dll
0x00007ffca0ac0000 - 0x00007ffca0ad2000 	D:\Instalados\JAVA\1_8_0__202\jre\bin\nio.dll
0x00007ffca2440000 - 0x00007ffca245e000 	C:\Users\Rene\.gradle\native\25\windows-amd64\native-platform.dll
0x00007ffca2430000 - 0x00007ffca243d000 	D:\Instalados\JAVA\1_8_0__202\jre\bin\management.dll
0x00007ffcb0600000 - 0x00007ffcb0617000 	C:\Windows\SYSTEM32\CRYPTSP.dll
0x00007ffcb0020000 - 0x00007ffcb0053000 	C:\Windows\system32\rsaenh.dll
0x00007ffcb0720000 - 0x00007ffcb0745000 	C:\Windows\SYSTEM32\bcrypt.dll
0x00007ffcb0b20000 - 0x00007ffcb0b48000 	C:\Windows\SYSTEM32\USERENV.dll
0x00007ffcb01c0000 - 0x00007ffcb01f8000 	C:\Windows\SYSTEM32\IPHLPAPI.DLL
0x00007ffcb3d20000 - 0x00007ffcb3d28000 	C:\Windows\System32\NSI.dll
0x00007ffca7080000 - 0x00007ffca7096000 	C:\Windows\SYSTEM32\dhcpcsvc6.DLL
0x00007ffca78a0000 - 0x00007ffca78ba000 	C:\Windows\SYSTEM32\dhcpcsvc.DLL
0x00007ffc99680000 - 0x00007ffc996a4000 	D:\Instalados\JAVA\1_8_0__202\jre\bin\sunec.dll
0x00007ffcad570000 - 0x00007ffcad57b000 	D:\Instalados\JAVA\1_8_0__202\jre\bin\sunmscapi.dll
0x00007ffcb0d80000 - 0x00007ffcb0f62000 	C:\Windows\System32\CRYPT32.dll
0x00007ffcb0c40000 - 0x00007ffcb0c52000 	C:\Windows\System32\MSASN1.dll

VM Arguments:
jvm_args: -Xmx1536m -Dfile.encoding=windows-1252 -Duser.country=CU -Duser.language=es -Duser.variant 
java_command: org.gradle.launcher.daemon.bootstrap.GradleDaemon 4.6
java_class_path (initial): D:\Instalados\JAVA\Androidstudio\AE2\gradle\gradle-4.6\lib\gradle-launcher-4.6.jar
Launcher Type: SUN_STANDARD

Environment Variables:
PATH=C:\_COSAS\Instalados\Python\Python_310\Scripts\;C:\_COSAS\Instalados\Python\Python_310\;C:\Program Files (x86)\Common Files\Oracle\Java\javapath;C:\Windows\system32;C:\Windows;C:\Windows\System32\Wbem;C:\Windows\System32\WindowsPowerShell\v1.0\;C:\Windows\System32\OpenSSH\;C:\Program Files\nodejs\;C:\Users\Rene\AppData\Local\Microsoft\WindowsApps;D:\Instalados\PyCharm\2020_1\bin;;D:\Instalados\MicrosoftVSCode\1_57_1\bin;C:\Users\Rene\AppData\Roaming\npm;
USERNAME=Rene
OS=Windows_NT
PROCESSOR_IDENTIFIER=Intel64 Family 6 Model 76 Stepping 4, GenuineIntel



---------------  S Y S T E M  ---------------

OS: Windows 10.0 , 64 bit Build 17133 (10.0.17133.1)

CPU:total 2 (initial active 2) (2 cores per cpu, 1 threads per core) family 6 model 76 stepping 4, cmov, cx8, fxsr, mmx, sse, sse2, sse3, ssse3, sse4.1, sse4.2, popcnt, aes, clmul, erms, 3dnowpref, tsc, tscinvbit

Memory: 4k page, physical 4097616k(210996k free), swap 7752908k(184k free)

vm_info: Java HotSpot(TM) 64-Bit Server VM (25.202-b08) for windows-amd64 JRE (1.8.0_202-b08), built on Dec 15 2018 19:54:30 by "java_re" with MS VC++ 10.0 (VS2010)

time: Sat Jan 01 18:48:24 2022
timezone: Hora estándar del Este
elapsed time: 3462 seconds (0d 0h 57m 42s)

